{"level":"info","message":"[Login] [Login successful] [Username: borgiltheking@gmail.com] [Request-IP: ::1]","timestamp":"2023-11-30T23:46:10.748Z"}
{"level":"info","message":"[Login] [Login successful] [Username: borgiltheking@gmail.com] [Request-IP: ::1]","timestamp":"2023-11-30T23:47:05.666Z"}
{"level":"info","message":"[Login] [Login successful] [Username: borgiltheking@gmail.com] [Request-IP: ::1]","timestamp":"2023-11-30T23:49:45.278Z"}
{"level":"info","message":"[Login] [Login successful] [Username: borgiltheking@gmail.com] [Request-IP: ::1]","timestamp":"2023-11-30T23:51:45.573Z"}
{"level":"info","message":"[Login] [Login successful] [Username: borgiltheking@gmail.com] [Request-IP: ::1]","timestamp":"2023-11-30T23:55:31.316Z"}
{"level":"info","message":"[Login] [Login successful] [Username: borgiltheking@gmail.com] [Request-IP: ::1]","timestamp":"2023-12-01T01:29:43.279Z"}
{"level":"info","message":"[Login] [Login successful] [Username: borgiltheking@gmail.com] [Request-IP: ::1]","timestamp":"2023-12-01T01:36:17.983Z"}
{"level":"info","message":"[Login] [Login successful] [Username: borgiltheking@gmail.com] [Request-IP: ::1]","timestamp":"2023-12-01T01:47:41.421Z"}
{"level":"info","message":"[Login] [Login successful] [Username: borgiltheking@gmail.com] [Request-IP: ::1]","timestamp":"2023-12-01T01:49:59.173Z"}
{"level":"info","message":"[Login] [Login successful] [Username: borgiltheking@gmail.com] [Request-IP: ::1]","timestamp":"2023-12-01T02:18:59.142Z"}
{"level":"info","message":"[Login] [Login successful] [Username: borgiltheking@gmail.com] [Request-IP: ::1]","timestamp":"2023-12-01T02:46:34.659Z"}
{"level":"info","message":"[Login] [Login successful] [Username: borgiltheking@gmail.com] [Request-IP: ::1]","timestamp":"2023-12-01T03:01:57.921Z"}
{"level":"info","message":"[Login] [Login successful] [Username: borgiltheking@gmail.com] [Request-IP: ::1]","timestamp":"2023-12-01T03:13:23.088Z"}
{"level":"info","message":"[Login] [Login successful] [Username: borgiltheking@gmail.com] [Request-IP: ::1]","timestamp":"2023-12-01T03:18:37.477Z"}
{"level":"info","message":"[Login] [Login successful] [Username: borgiltheking@gmail.com] [Request-IP: ::1]","timestamp":"2023-12-01T03:32:23.427Z"}
{"level":"info","message":"[Login] [Login successful] [Username: borgiltheking@gmail.com] [Request-IP: ::1]","timestamp":"2023-12-01T03:47:47.797Z"}
{"level":"info","message":"[Login] [Login successful] [Username: borgiltheking@gmail.com] [Request-IP: ::1]","timestamp":"2023-12-01T04:02:17.790Z"}
{"level":"info","message":"[Login] [Login successful] [Username: borgiltheking@gmail.com] [Request-IP: ::1]","timestamp":"2023-12-01T04:14:19.896Z"}
{"level":"info","message":"[Login] [Login successful] [Username: borgiltheking@gmail.com] [Request-IP: ::1]","timestamp":"2023-12-01T06:59:05.487Z"}
{"level":"info","message":"[Login] [Login successful] [Username: borgiltheking@gmail.com] [Request-IP: ::1]","timestamp":"2023-12-01T07:14:20.633Z"}
{"level":"info","message":"[Login] [Login successful] [Username: borgiltheking@gmail.com] [Request-IP: ::1]","timestamp":"2023-12-01T07:50:24.584Z"}
{"level":"info","message":"[Login] [Login successful] [Username: borgiltheking@gmail.com] [Request-IP: ::1]","timestamp":"2023-12-01T08:12:36.834Z"}
{"level":"info","message":"[Login] [Login successful] [Username: borgiltheking@gmail.com] [Request-IP: ::1]","timestamp":"2023-12-01T08:34:32.045Z"}
{"level":"info","message":"[Login] [Login successful] [Username: borgiltheking@gmail.com] [Request-IP: ::1]","timestamp":"2023-12-01T08:50:47.536Z"}
{"level":"info","message":"[Login] [Login successful] [Username: borgiltheking@gmail.com] [Request-IP: ::1]","timestamp":"2023-12-01T08:52:08.175Z"}
{"level":"info","message":"[Login] [Login successful] [Username: borgiltheking@gmail.com] [Request-IP: ::1]","timestamp":"2023-12-01T08:53:34.125Z"}
{"level":"info","message":"[Login] [Login successful] [Username: borgiltheking@gmail.com] [Request-IP: ::1]","timestamp":"2023-12-01T08:55:14.784Z"}
{"level":"info","message":"[Login] [Login successful] [Username: borgiltheking@gmail.com] [Request-IP: ::1]","timestamp":"2023-12-01T08:59:31.124Z"}
{"level":"info","message":"[Login] [Login successful] [Username: borgiltheking@gmail.com] [Request-IP: ::1]","timestamp":"2023-12-01T09:00:51.855Z"}
{"level":"info","message":"[Login] [Login successful] [Username: borgiltheking@gmail.com] [Request-IP: ::1]","timestamp":"2023-12-01T09:02:42.361Z"}
{"level":"info","message":"[Login] [Login successful] [Username: borgiltheking@gmail.com] [Request-IP: ::1]","timestamp":"2023-12-01T09:04:11.348Z"}
{"level":"info","message":"[Login] [Login successful] [Username: borgiltheking@gmail.com] [Request-IP: ::1]","timestamp":"2023-12-01T09:09:26.856Z"}
{"level":"info","message":"[Login] [Login successful] [Username: borgiltheking@gmail.com] [Request-IP: ::1]","timestamp":"2023-12-01T09:10:21.663Z"}
{"level":"info","message":"[Login] [Login successful] [Username: borgiltheking@gmail.com] [Request-IP: ::1]","timestamp":"2023-12-01T09:16:35.030Z"}
{"level":"info","message":"[Login] [Login successful] [Username: borgiltheking@gmail.com] [Request-IP: ::1]","timestamp":"2023-12-01T09:18:52.790Z"}
{"level":"info","message":"[Login] [Login successful] [Username: borgiltheking@gmail.com] [Request-IP: ::1]","timestamp":"2023-12-01T09:20:45.640Z"}
{"level":"info","message":"[Login] [Login successful] [Username: borgiltheking@gmail.com] [Request-IP: ::1]","timestamp":"2023-12-01T09:22:25.185Z"}
{"level":"info","message":"[Login] [Login successful] [Username: borgiltheking@gmail.com] [Request-IP: ::1]","timestamp":"2023-12-01T09:23:35.650Z"}
{"level":"info","message":"[Login] [Login successful] [Username: borgiltheking@gmail.com] [Request-IP: ::1]","timestamp":"2023-12-01T09:24:14.211Z"}
{"level":"info","message":"[Login] [Login successful] [Username: borgiltheking@gmail.com] [Request-IP: ::1]","timestamp":"2023-12-01T09:26:18.522Z"}
{"level":"info","message":"[Login] [Login successful] [Username: borgiltheking@gmail.com] [Request-IP: ::1]","timestamp":"2023-12-01T09:27:23.768Z"}
{"level":"info","message":"[Login] [Login successful] [Username: borgiltheking@gmail.com] [Request-IP: ::1]","timestamp":"2023-12-01T09:57:21.113Z"}
{"level":"info","message":"[Login] [Login successful] [Username: borgiltheking@gmail.com] [Request-IP: ::1]","timestamp":"2023-12-01T09:58:58.577Z"}
{"level":"info","message":"[Login] [Login successful] [Username: borgiltheking@gmail.com] [Request-IP: ::1]","timestamp":"2023-12-01T10:08:44.426Z"}
{"level":"info","message":"[Login] [Login successful] [Username: borgiltheking@gmail.com] [Request-IP: ::1]","timestamp":"2023-12-01T10:13:42.536Z"}
{"level":"info","message":"[Login] [Login successful] [Username: borgiltheking@gmail.com] [Request-IP: ::1]","timestamp":"2023-12-01T10:14:32.493Z"}
{"level":"info","message":"[Login] [Login successful] [Username: borgiltheking@gmail.com] [Request-IP: ::1]","timestamp":"2023-12-01T10:18:07.029Z"}
{"level":"info","message":"[Login] [Login successful] [Username: borgiltheking@gmail.com] [Request-IP: ::1]","timestamp":"2023-12-01T10:18:55.208Z"}
{"level":"info","message":"[Login] [Login successful] [Username: borgiltheking@gmail.com] [Request-IP: ::1]","timestamp":"2023-12-01T10:21:24.325Z"}
{"level":"info","message":"[Login] [Login successful] [Username: borgiltheking@gmail.com] [Request-IP: ::1]","timestamp":"2023-12-01T10:23:54.996Z"}
{"level":"info","message":"[Login] [Login successful] [Username: borgiltheking@gmail.com] [Request-IP: ::1]","timestamp":"2023-12-01T10:24:34.883Z"}
{"level":"info","message":"[Login] [Login successful] [Username: borgiltheking@gmail.com] [Request-IP: ::1]","timestamp":"2023-12-01T10:25:31.235Z"}
{"level":"info","message":"[Login] [Login successful] [Username: borgiltheking@gmail.com] [Request-IP: ::1]","timestamp":"2023-12-01T10:26:55.101Z"}
{"level":"info","message":"[Login] [Login successful] [Username: borgiltheking@gmail.com] [Request-IP: ::1]","timestamp":"2023-12-01T10:29:21.143Z"}
{"level":"info","message":"[Login] [Login successful] [Username: borgiltheking@gmail.com] [Request-IP: ::1]","timestamp":"2023-12-01T10:30:12.361Z"}
{"level":"info","message":"[Login] [Login successful] [Username: borgiltheking@gmail.com] [Request-IP: ::1]","timestamp":"2023-12-01T10:33:06.853Z"}
{"level":"info","message":"[Login] [Login successful] [Username: borgiltheking@gmail.com] [Request-IP: ::1]","timestamp":"2023-12-01T10:34:56.039Z"}
{"level":"info","message":"[Login] [Login successful] [Username: borgiltheking@gmail.com] [Request-IP: ::1]","timestamp":"2023-12-01T10:39:13.593Z"}
{"level":"info","message":"[Login] [Login successful] [Username: borgiltheking@gmail.com] [Request-IP: ::1]","timestamp":"2023-12-01T10:42:39.274Z"}
{"level":"info","message":"[Login] [Login successful] [Username: borgiltheking@gmail.com] [Request-IP: ::1]","timestamp":"2023-12-01T10:44:00.514Z"}
{"level":"info","message":"[Login] [Login successful] [Username: borgiltheking@gmail.com] [Request-IP: ::1]","timestamp":"2023-12-01T10:44:52.745Z"}
{"level":"info","message":"[Login] [Login successful] [Username: borgiltheking@gmail.com] [Request-IP: ::1]","timestamp":"2023-12-01T10:44:53.847Z"}
{"level":"info","message":"[Login] [Login successful] [Username: borgiltheking@gmail.com] [Request-IP: ::1]","timestamp":"2023-12-01T10:46:09.981Z"}
{"level":"info","message":"[Login] [Login successful] [Username: borgiltheking@gmail.com] [Request-IP: ::1]","timestamp":"2023-12-01T10:47:03.070Z"}
{"level":"info","message":"[Login] [Login successful] [Username: borgiltheking@gmail.com] [Request-IP: ::1]","timestamp":"2023-12-01T10:47:55.885Z"}
{"level":"info","message":"[Login] [Login successful] [Username: borgiltheking@gmail.com] [Request-IP: ::1]","timestamp":"2023-12-01T10:49:29.207Z"}
{"level":"info","message":"[Login] [Login successful] [Username: borgiltheking@gmail.com] [Request-IP: ::1]","timestamp":"2023-12-01T10:54:26.394Z"}
{"level":"info","message":"[Login] [Login successful] [Username: borgiltheking@gmail.com] [Request-IP: ::1]","timestamp":"2023-12-01T11:00:54.423Z"}
{"level":"info","message":"[Login] [Login successful] [Username: borgiltheking@gmail.com] [Request-IP: ::1]","timestamp":"2023-12-01T11:05:03.498Z"}
{"level":"info","message":"[Login] [Login successful] [Username: borgiltheking@gmail.com] [Request-IP: ::1]","timestamp":"2023-12-01T11:08:22.617Z"}
{"level":"info","message":"[Login] [Login successful] [Username: borgiltheking@gmail.com] [Request-IP: ::1]","timestamp":"2023-12-01T11:09:23.408Z"}
{"level":"info","message":"[Login] [Login successful] [Username: borgiltheking@gmail.com] [Request-IP: ::1]","timestamp":"2023-12-01T11:11:22.004Z"}
{"level":"info","message":"[Login] [Login successful] [Username: borgiltheking@gmail.com] [Request-IP: ::1]","timestamp":"2023-12-01T11:23:57.795Z"}
{"level":"info","message":"[Login] [Login successful] [Username: borgiltheking@gmail.com] [Request-IP: ::1]","timestamp":"2023-12-01T12:13:11.642Z"}
{"level":"info","message":"[Login] [Login successful] [Username: borgiltheking@gmail.com] [Request-IP: ::1]","timestamp":"2023-12-01T13:08:15.792Z"}
{"level":"info","message":"[Login] [Login successful] [Username: borgiltheking@gmail.com] [Request-IP: ::1]","timestamp":"2023-12-01T14:40:56.828Z"}
{"level":"info","message":"[Login] [Login successful] [Username: borgiltheking@gmail.com] [Request-IP: ::1]","timestamp":"2023-12-01T14:56:03.818Z"}
{"level":"info","message":"[Login] [Login successful] [Username: borgiltheking@gmail.com] [Request-IP: ::1]","timestamp":"2023-11-30T17:55:16.882Z"}
{"level":"info","message":"[Login] [Login successful] [Username: borgiltheking@gmail.com] [Request-IP: ::1]","timestamp":"2023-11-30T18:12:47.437Z"}
{"level":"info","message":"[Login] [Login successful] [Username: borgiltheking@gmail.com] [Request-IP: ::1]","timestamp":"2023-11-30T18:17:01.645Z"}
{"level":"info","message":"[Login] [Login successful] [Username: borgiltheking@gmail.com] [Request-IP: ::1]","timestamp":"2023-11-30T18:17:23.470Z"}
{"level":"info","message":"[Login] [Login successful] [Username: borgiltheking@gmail.com] [Request-IP: ::1]","timestamp":"2023-11-30T18:32:50.055Z"}
{"level":"info","message":"[Login] [Login successful] [Username: borgiltheking@gmail.com] [Request-IP: ::1]","timestamp":"2023-11-30T18:33:34.235Z"}
{"level":"info","message":"[Login] [Login successful] [Username: borgiltheking@gmail.com] [Request-IP: ::1]","timestamp":"2023-11-30T19:01:44.209Z"}
{"level":"info","message":"[Login] [Login successful] [Username: borgiltheking@gmail.com] [Request-IP: ::1]","timestamp":"2023-12-02T09:18:02.966Z"}
{"level":"info","message":"[Login] [Login successful] [Username: borgiltheking@gmail.com] [Request-IP: ::1]","timestamp":"2023-12-02T09:18:04.968Z"}
{"level":"info","message":"[Login] [Login successful] [Username: borgiltheking@gmail.com] [Request-IP: ::1]","timestamp":"2023-12-02T10:21:23.172Z"}
{"level":"info","message":"[Login] [Login successful] [Username: borgiltheking@gmail.com] [Request-IP: ::1]","timestamp":"2023-12-02T10:23:27.335Z"}
{"level":"info","message":"[Login] [Login successful] [Username: borgiltheking@gmail.com] [Request-IP: ::1]","timestamp":"2023-12-02T10:24:51.648Z"}
{"level":"info","message":"[Login] [Login successful] [Username: borgiltheking@gmail.com] [Request-IP: ::1]","timestamp":"2023-12-02T15:31:22.582Z"}
{"level":"info","message":"[Login] [Login successful] [Username: borgiltheking@gmail.com] [Request-IP: ::1]","timestamp":"2023-12-02T16:42:39.197Z"}
{"level":"info","message":"[Login] [Login successful] [Username: borgiltheking@gmail.com] [Request-IP: ::1]","timestamp":"2023-12-02T16:44:41.901Z"}
{"level":"info","message":"[Login] [Login successful] [Username: borgiltheking@gmail.com] [Request-IP: ::1]","timestamp":"2023-12-02T22:01:59.424Z"}
{"level":"info","message":"[Login] [Login successful] [Username: borgiltheking@gmail.com] [Request-IP: ::1]","timestamp":"2023-12-06T15:30:32.504Z"}
{"level":"info","message":"[Login] [Login successful] [Username: borgiltheking@gmail.com] [Request-IP: ::1]","timestamp":"2023-12-06T15:43:46.686Z"}
{"level":"info","message":"[Login] [Login successful] [Username: borgiltheking@gmail.com] [Request-IP: ::1]","timestamp":"2023-12-06T15:55:17.070Z"}
{"level":"info","message":"[Login] [Login successful] [Username: borgiltheking@gmail.com] [Request-IP: ::1]","timestamp":"2023-12-06T16:03:03.702Z"}
{"level":"info","message":"[Login] [Login successful] [Username: borgiltheking@gmail.com] [Request-IP: ::1]","timestamp":"2023-12-06T16:05:24.985Z"}
{"level":"info","message":"[Login] [Login successful] [Username: borgiltheking@gmail.com] [Request-IP: ::1]","timestamp":"2023-12-06T16:23:33.835Z"}
{"level":"info","message":"[Login] [Login successful] [Username: borgiltheking@gmail.com] [Request-IP: ::1]","timestamp":"2023-12-06T16:39:09.850Z"}
{"level":"info","message":"[Login] [Login successful] [Username: borgiltheking@gmail.com] [Request-IP: ::1]","timestamp":"2023-12-06T16:46:26.722Z"}
{"level":"info","message":"[Login] [Login successful] [Username: borgiltheking@gmail.com] [Request-IP: ::1]","timestamp":"2023-12-06T16:51:37.644Z"}
{"level":"info","message":"[Login] [Login successful] [Username: borgiltheking@gmail.com] [Request-IP: ::1]","timestamp":"2023-12-06T17:31:29.737Z"}
{"level":"info","message":"[Login] [Login successful] [Username: borgiltheking@gmail.com] [Request-IP: ::1]","timestamp":"2023-12-06T17:46:47.457Z"}
{"level":"info","message":"[Login] [Login successful] [Username: borgiltheking@gmail.com] [Request-IP: ::1]","timestamp":"2023-12-06T17:59:49.746Z"}
{"level":"info","message":"[Login] [Login successful] [Username: borgiltheking@gmail.com] [Request-IP: ::1]","timestamp":"2023-12-06T18:40:13.113Z"}
{"level":"info","message":"[Login] [Login successful] [Username: borgiltheking@gmail.com] [Request-IP: ::1]","timestamp":"2023-12-06T18:56:32.005Z"}
{"level":"info","message":"[Login] [Login successful] [Username: borgiltheking@gmail.com] [Request-IP: ::1]","timestamp":"2023-12-06T19:41:21.012Z"}
{"level":"info","message":"[Login] [Login successful] [Username: borgiltheking@gmail.com] [Request-IP: ::1]","timestamp":"2023-12-06T23:03:13.539Z"}
{"level":"info","message":"[Login] [Login successful] [Username: borgiltheking@gmail.com] [Request-IP: ::1]","timestamp":"2023-12-06T23:05:47.894Z"}
{"level":"info","message":"[Login] [Login successful] [Username: borgiltheking@gmail.com] [Request-IP: ::1]","timestamp":"2023-12-06T23:09:18.664Z"}
{"level":"info","message":"[Login] [Login successful] [Username: borgiltheking@gmail.com] [Request-IP: ::1]","timestamp":"2023-12-06T23:13:57.221Z"}
{"level":"info","message":"[Login] [Login successful] [Username: borgiltheking@gmail.com] [Request-IP: ::1]","timestamp":"2023-12-06T23:15:32.498Z"}
{"level":"info","message":"[Login] [Login successful] [Username: borgiltheking@gmail.com] [Request-IP: ::1]","timestamp":"2023-12-06T23:28:56.134Z"}
{"level":"info","message":"[Login] [Login successful] [Username: borgiltheking@gmail.com] [Request-IP: ::1]","timestamp":"2023-12-06T23:44:18.554Z"}
{"level":"info","message":"[Login] [Login successful] [Username: borgiltheking@gmail.com] [Request-IP: ::1]","timestamp":"2023-12-06T23:59:23.620Z"}
{"level":"info","message":"[Login] [Login successful] [Username: borgiltheking@gmail.com] [Request-IP: ::1]","timestamp":"2023-12-07T00:04:43.281Z"}
{"level":"info","message":"[Login] [Login successful] [Username: borgiltheking@gmail.com] [Request-IP: ::1]","timestamp":"2023-12-07T00:13:59.710Z"}
{"level":"info","message":"[Login] [Login successful] [Username: borgiltheking@gmail.com] [Request-IP: ::1]","timestamp":"2023-12-07T00:14:05.242Z"}
{"level":"info","message":"[Login] [Login successful] [Username: borgiltheking@gmail.com] [Request-IP: ::1]","timestamp":"2023-12-07T00:29:46.887Z"}
{"level":"info","message":"[Login] [Login successful] [Username: borgiltheking@gmail.com] [Request-IP: 127.0.0.1]","timestamp":"2023-12-15T05:19:17.279Z"}
{"level":"info","message":"[Login] [Login successful] [Username: tserenbujidzolboo@gmail.com] [Request-IP: ::1]","timestamp":"2023-12-17T08:49:20.449Z"}
{"level":"info","message":"[Login] [Login successful] [Username: borgiltheking@gmail.com] [Request-IP: ::1]","timestamp":"2023-12-18T05:29:12.929Z"}
{"level":"info","message":"[Login] [Login successful] [Username: borgiltheking@gmail.com] [Request-IP: ::1]","timestamp":"2023-12-18T12:40:16.586Z"}
{"level":"info","message":"[Login] [Login successful] [Username: borgiltheking@gmail.com] [Request-IP: ::1]","timestamp":"2023-12-18T12:42:33.728Z"}
{"level":"info","message":"[Login] [Login successful] [Username: borgiltheking@gmail.com] [Request-IP: ::1]","timestamp":"2023-12-18T12:57:39.584Z"}
{"level":"info","message":"[Login] [Login successful] [Username: borgiltheking@gmail.com] [Request-IP: ::1]","timestamp":"2023-12-18T13:03:46.839Z"}
{"level":"info","message":"[Login] [Login successful] [Username: borgiltheking@gmail.com] [Request-IP: ::1]","timestamp":"2023-12-18T13:12:47.031Z"}
{"level":"info","message":"[Login] [Login successful] [Username: borgiltheking@gmail.com] [Request-IP: ::1]","timestamp":"2023-12-18T13:21:03.955Z"}
{"level":"info","message":"[Login] [Login successful] [Username: borgiltheking@gmail.com] [Request-IP: ::1]","timestamp":"2023-12-18T13:36:52.643Z"}
{"level":"info","message":"[Login] [Login successful] [Username: borgiltheking@gmail.com] [Request-IP: ::1]","timestamp":"2023-12-18T13:37:12.575Z"}
{"level":"info","message":"[Login] [Login successful] [Username: borgiltheking@gmail.com] [Request-IP: ::1]","timestamp":"2023-12-18T13:37:22.248Z"}
{"level":"info","message":"[Login] [Login successful] [Username: borgiltheking@gmail.com] [Request-IP: ::1]","timestamp":"2023-12-18T14:58:58.895Z"}
{"level":"info","message":"[Login] [Login successful] [Username: borgiltheking@gmail.com] [Request-IP: ::1]","timestamp":"2023-12-18T15:19:24.891Z"}
{"level":"info","message":"[Login] [Login successful] [Username: borgiltheking@gmail.com] [Request-IP: ::1]","timestamp":"2023-12-18T15:19:25.587Z"}
{"level":"info","message":"[Login] [Login successful] [Username: borgiltheking@gmail.com] [Request-IP: ::1]","timestamp":"2023-12-18T15:37:29.965Z"}
{"level":"info","message":"[Login] [Login successful] [Username: borgiltheking@gmail.com] [Request-IP: ::1]","timestamp":"2023-12-18T16:01:56.176Z"}
{"level":"info","message":"[Login] [Login successful] [Username: borgiltheking@gmail.com] [Request-IP: ::1]","timestamp":"2023-12-18T16:18:06.370Z"}
{"level":"info","message":"[Login] [Login successful] [Username: borgiltheking@gmail.com] [Request-IP: ::1]","timestamp":"2023-12-18T16:50:40.794Z"}
{"level":"info","message":"[Login] [Login successful] [Username: borgiltheking@gmail.com] [Request-IP: ::1]","timestamp":"2023-12-18T16:52:43.827Z"}
{"level":"info","message":"[Login] [Login successful] [Username: borgiltheking@gmail.com] [Request-IP: ::1]","timestamp":"2023-12-18T16:55:16.992Z"}
{"level":"info","message":"[Login] [Login successful] [Username: borgiltheking@gmail.com] [Request-IP: ::1]","timestamp":"2023-12-18T16:55:18.052Z"}
{"level":"info","message":"[Login] [Login successful] [Username: borgiltheking@gmail.com] [Request-IP: ::1]","timestamp":"2023-12-18T17:10:35.419Z"}
{"level":"info","message":"[Login] [Login successful] [Username: borgiltheking@gmail.com] [Request-IP: ::1]","timestamp":"2023-12-18T17:16:33.939Z"}
{"level":"info","message":"[Login] [Login successful] [Username: borgiltheking@gmail.com] [Request-IP: ::1]","timestamp":"2023-12-18T17:18:00.754Z"}
{"level":"info","message":"[Login] [Login successful] [Username: borgiltheking@gmail.com] [Request-IP: ::1]","timestamp":"2023-12-18T17:33:29.728Z"}
{"level":"info","message":"[Login] [Login successful] [Username: angarag414@gmail.com] [Request-IP: 127.0.0.1]","timestamp":"2023-12-20T06:29:22.206Z"}
{"level":"info","message":"[Login] [Login successful] [Username: borgiltheking@gmail.com] [Request-IP: 127.0.0.1]","timestamp":"2023-12-20T13:22:40.084Z"}
{"level":"info","message":"[Login] [Login successful] [Username: borgiltheking@gmail.com] [Request-IP: 127.0.0.1]","timestamp":"2023-12-20T13:27:40.691Z"}
{"level":"info","message":"[Login] [Login successful] [Username: borgiltheking@gmail.com] [Request-IP: 127.0.0.1]","timestamp":"2023-12-20T13:42:56.405Z"}
{"level":"info","message":"[Login] [Login successful] [Username: borgiltheking@gmail.com] [Request-IP: 127.0.0.1]","timestamp":"2023-12-20T14:01:18.358Z"}
{"level":"info","message":"[Login] [Login successful] [Username: borgiltheking@gmail.com] [Request-IP: 127.0.0.1]","timestamp":"2023-12-20T14:22:25.792Z"}
{"level":"info","message":"[Login] [Login successful] [Username: zunduizukzunduizuk@gmail.com] [Request-IP: ::1]","timestamp":"2023-12-22T15:33:45.630Z"}
{"level":"info","message":"[Login] [Login successful] [Username: borgiltheking@gmail.com] [Request-IP: 127.0.0.1]","timestamp":"2024-01-04T22:47:59.416Z"}
{"level":"info","message":"[Login] [Login successful] [Username: borgiltheking@gmail.com] [Request-IP: 127.0.0.1]","timestamp":"2024-01-05T01:58:31.642Z"}
{"level":"error","message":"Passport Local Strategy - User Not Found","parameters":[{"name":"email","value":"tuverraz10@gmail.com"}],"timestamp":"2024-01-06T13:29:30.525Z"}
{"level":"error","message":"[Login] [Login failed] [Username: tuverraz10@gmail.com] [Request-IP: 127.0.0.1]","timestamp":"2024-01-06T13:29:30.532Z"}
{"level":"info","message":"[Login] [Login successful] [Username: borgiltheking@gmail.com] [Request-IP: 127.0.0.1]","timestamp":"2024-01-09T17:49:21.024Z"}
{"level":"info","message":"[Login] [Login successful] [Username: borgiltheking@gmail.com] [Request-IP: 127.0.0.1]","timestamp":"2024-01-09T18:01:34.924Z"}
{"level":"info","message":"[Login] [Login successful] [Username: borgiltheking@gmail.com] [Request-IP: 127.0.0.1]","timestamp":"2024-01-10T01:54:50.675Z"}
{"level":"info","message":"[Login] [Login successful] [Username: borgiltheking@gmail.com] [Request-IP: ::1]","timestamp":"2024-01-17T20:46:09.604Z"}
{"level":"info","message":"[Login] [Login successful] [Username: borgiltheking@gmail.com] [Request-IP: ::1]","timestamp":"2024-01-18T12:32:23.971Z"}
{"level":"info","message":"[Login] [Login successful] [Username: borgiltheking@gmail.com] [Request-IP: ::1]","timestamp":"2024-01-18T17:34:42.212Z"}
{"level":"info","message":"[Login] [Login successful] [Username: borgiltheking@gmail.com] [Request-IP: ::1]","timestamp":"2024-01-18T17:47:01.985Z"}
{"level":"info","message":"[Login] [Login successful] [Username: borgiltheking@gmail.com] [Request-IP: ::1]","timestamp":"2024-01-18T17:47:19.311Z"}
{"level":"info","message":"[Login] [Login successful] [Username: borgiltheking@gmail.com] [Request-IP: ::1]","timestamp":"2024-01-19T21:02:11.075Z"}
{"level":"info","message":"[Login] [Login successful] [Username: borgiltheking@gmail.com] [Request-IP: ::1]","timestamp":"2024-01-21T00:01:00.208Z"}
